0 info it worked if it ends with ok
1 verbose cli [ 'node',
1 verbose cli   '/usr/local/bin/npm',
1 verbose cli   'install',
1 verbose cli   '-g',
1 verbose cli   'phonegap@3.6.3-0.22.7' ]
2 info using npm@1.4.28
3 info using node@v0.10.33
4 verbose cache add [ 'phonegap@3.6.3-0.22.7', null ]
5 verbose cache add name=undefined spec="phonegap@3.6.3-0.22.7" args=["phonegap@3.6.3-0.22.7",null]
6 verbose parsed url { protocol: null,
6 verbose parsed url   slashes: null,
6 verbose parsed url   auth: null,
6 verbose parsed url   host: null,
6 verbose parsed url   port: null,
6 verbose parsed url   hostname: null,
6 verbose parsed url   hash: null,
6 verbose parsed url   search: null,
6 verbose parsed url   query: null,
6 verbose parsed url   pathname: 'phonegap@3.6.3-0.22.7',
6 verbose parsed url   path: 'phonegap@3.6.3-0.22.7',
6 verbose parsed url   href: 'phonegap@3.6.3-0.22.7' }
7 verbose cache add name="phonegap" spec="3.6.3-0.22.7" args=["phonegap","3.6.3-0.22.7"]
8 verbose parsed url { protocol: null,
8 verbose parsed url   slashes: null,
8 verbose parsed url   auth: null,
8 verbose parsed url   host: null,
8 verbose parsed url   port: null,
8 verbose parsed url   hostname: null,
8 verbose parsed url   hash: null,
8 verbose parsed url   search: null,
8 verbose parsed url   query: null,
8 verbose parsed url   pathname: '3.6.3-0.22.7',
8 verbose parsed url   path: '3.6.3-0.22.7',
8 verbose parsed url   href: '3.6.3-0.22.7' }
9 verbose addNamed [ 'phonegap', '3.6.3-0.22.7' ]
10 verbose addNamed [ '3.6.3-0.22.7', '3.6.3-0.22.7' ]
11 silly lockFile 7a6e9a9a-phonegap-3-6-3-0-22-7 phonegap@3.6.3-0.22.7
12 verbose lock phonegap@3.6.3-0.22.7 /Users/macdejarda/.npm/7a6e9a9a-phonegap-3-6-3-0-22-7.lock
13 verbose request where is /phonegap
14 verbose request registry https://registry.npmjs.org/
15 verbose request id 1ef3f644a7b76718
16 verbose url raw /phonegap
17 verbose url resolving [ 'https://registry.npmjs.org/', './phonegap' ]
18 verbose url resolved https://registry.npmjs.org/phonegap
19 verbose request where is https://registry.npmjs.org/phonegap
20 info trying registry request attempt 1 at 12:50:45
21 verbose etag "4YVXGU8A8TBRX8K1BM9H0L2Z6"
22 http GET https://registry.npmjs.org/phonegap
23 http 200 https://registry.npmjs.org/phonegap
24 silly registry.get cb [ 200,
24 silly registry.get   { server: 'CouchDB/1.5.0 (Erlang OTP/R16B03)',
24 silly registry.get     etag: '"MSS4JXLKW3O68IXJ91PL1QCW"',
24 silly registry.get     'content-type': 'application/json',
24 silly registry.get     'cache-control': 'max-age=60',
24 silly registry.get     'content-length': '253141',
24 silly registry.get     'accept-ranges': 'bytes',
24 silly registry.get     date: 'Wed, 11 Nov 2015 18:50:46 GMT',
24 silly registry.get     via: '1.1 varnish',
24 silly registry.get     age: '16',
24 silly registry.get     connection: 'keep-alive',
24 silly registry.get     'x-served-by': 'cache-lax1424-LAX',
24 silly registry.get     'x-cache': 'HIT',
24 silly registry.get     'x-cache-hits': '1',
24 silly registry.get     'x-timer': 'S1447267846.038057,VS0,VE2',
24 silly registry.get     vary: 'Accept' } ]
25 silly lockFile 7b1c6fbc-onegap-phonegap-3-6-3-0-22-7-tgz https://registry.npmjs.org/phonegap/-/phonegap-3.6.3-0.22.7.tgz
26 verbose lock https://registry.npmjs.org/phonegap/-/phonegap-3.6.3-0.22.7.tgz /Users/macdejarda/.npm/7b1c6fbc-onegap-phonegap-3-6-3-0-22-7-tgz.lock
27 verbose addRemoteTarball [ 'https://registry.npmjs.org/phonegap/-/phonegap-3.6.3-0.22.7.tgz',
27 verbose addRemoteTarball   'b748261ac2dd731e3fb691ebfdb6b33087423eab' ]
28 info retry fetch attempt 1 at 12:50:46
29 verbose fetch to= /var/folders/tb/kwqrd7ws79lf687mygk5z6s80000gn/T/npm-240-NmPp7wbS/registry.npmjs.org/phonegap/-/phonegap-3.6.3-0.22.7.tgz
30 http GET https://registry.npmjs.org/phonegap/-/phonegap-3.6.3-0.22.7.tgz
31 http 200 https://registry.npmjs.org/phonegap/-/phonegap-3.6.3-0.22.7.tgz
32 silly lockFile 7b1c6fbc-onegap-phonegap-3-6-3-0-22-7-tgz https://registry.npmjs.org/phonegap/-/phonegap-3.6.3-0.22.7.tgz
33 silly lockFile 7b1c6fbc-onegap-phonegap-3-6-3-0-22-7-tgz https://registry.npmjs.org/phonegap/-/phonegap-3.6.3-0.22.7.tgz
34 silly lockFile 7a6e9a9a-phonegap-3-6-3-0-22-7 phonegap@3.6.3-0.22.7
35 silly lockFile 7a6e9a9a-phonegap-3-6-3-0-22-7 phonegap@3.6.3-0.22.7
36 error Error: EACCES, mkdir '/Users/macdejarda/.npm/phonegap/3.6.3-0.22.7'
36 error  { [Error: EACCES, mkdir '/Users/macdejarda/.npm/phonegap/3.6.3-0.22.7']
36 error   errno: 3,
36 error   code: 'EACCES',
36 error   path: '/Users/macdejarda/.npm/phonegap/3.6.3-0.22.7' }
37 error Please try running this command again as root/Administrator.
38 error System Darwin 14.4.0
39 error command "node" "/usr/local/bin/npm" "install" "-g" "phonegap@3.6.3-0.22.7"
40 error cwd /Users/macdejarda/Documents/capama/capama-mobile/water-admin
41 error node -v v0.10.33
42 error npm -v 1.4.28
43 error path /Users/macdejarda/.npm/phonegap/3.6.3-0.22.7
44 error code EACCES
45 error errno 3
46 error stack Error: EACCES, mkdir '/Users/macdejarda/.npm/phonegap/3.6.3-0.22.7'
47 verbose exit [ 3, true ]
